<?xml version="1.0" encoding="UTF-8"?>
<robot generator="Robot 3.1 (Python 3.7.0 on win32)" generated="20181211 18:10:59.437" rpa="false">
<suite id="s1" name="Browsertest" source="C:\Users\Chandru\Documents\python\Robotframework\Survey\browsertest.robot">
<test id="s1-t1" name="Valid Survey Submit">
<kw name="Open Browser to Survey Page" library="resource">
<kw name="Open Browser" library="SeleniumLibrary">
<doc>Opens a new browser instance to the given ``url``.</doc>
<arguments>
<arg>${LOGIN URL}</arg>
<arg>${BROWSER}</arg>
</arguments>
<msg timestamp="20181211 18:10:59.777" level="INFO">Opening browser 'chrome' to base url 'http://localhost/Survey'.</msg>
<status status="PASS" starttime="20181211 18:10:59.776" endtime="20181211 18:11:04.092"></status>
</kw>
<kw name="Maximize Browser Window" library="SeleniumLibrary">
<doc>Maximizes current browser window.</doc>
<status status="PASS" starttime="20181211 18:11:04.092" endtime="20181211 18:11:05.229"></status>
</kw>
<kw name="Set Selenium Speed" library="SeleniumLibrary">
<doc>Sets the delay that is waited after each Selenium command.</doc>
<arguments>
<arg>${DELAY}</arg>
</arguments>
<status status="PASS" starttime="20181211 18:11:05.229" endtime="20181211 18:11:05.229"></status>
</kw>
<kw name="Title Should Be" library="SeleniumLibrary">
<doc>Verifies that current page title equals ``title``.</doc>
<arguments>
<arg>${TITLE}</arg>
</arguments>
<msg timestamp="20181211 18:11:05.293" level="INFO">Page title is 'Survey Tool'.</msg>
<status status="PASS" starttime="20181211 18:11:05.230" endtime="20181211 18:11:05.293"></status>
</kw>
<status status="PASS" starttime="20181211 18:10:59.776" endtime="20181211 18:11:05.293"></status>
</kw>
<kw name="Wait Until Element" library="resource">
<kw name="Wait Until Element Is Visible" library="SeleniumLibrary">
<doc>Waits until element ``locator`` is visible.</doc>
<arguments>
<arg>${ELEMENT}</arg>
<arg>timeout=10 seconds</arg>
</arguments>
<status status="PASS" starttime="20181211 18:11:05.295" endtime="20181211 18:11:05.930"></status>
</kw>
<status status="PASS" starttime="20181211 18:11:05.294" endtime="20181211 18:11:05.930"></status>
</kw>
<kw name="Click Element for list value" library="resource">
<kw name="Click Element" library="SeleniumLibrary">
<doc>Click element identified by ``locator``.</doc>
<arguments>
<arg>${LIST}</arg>
</arguments>
<msg timestamp="20181211 18:11:05.933" level="INFO">Clicking element 'id:lang'.</msg>
<status status="PASS" starttime="20181211 18:11:05.932" endtime="20181211 18:11:06.195"></status>
</kw>
<status status="PASS" starttime="20181211 18:11:05.931" endtime="20181211 18:11:06.195"></status>
</kw>
<kw name="Select From List" library="resource">
<kw name="Select From List By Value" library="SeleniumLibrary">
<doc>Selects options from selection list ``locator`` by ``values``.</doc>
<arguments>
<arg>${LIST}</arg>
<arg>${VALUE}</arg>
</arguments>
<msg timestamp="20181211 18:11:06.200" level="INFO">Selecting options from selection list 'id:lang' by value en.</msg>
<status status="PASS" starttime="20181211 18:11:06.199" endtime="20181211 18:11:06.389"></status>
</kw>
<status status="PASS" starttime="20181211 18:11:06.198" endtime="20181211 18:11:06.390"></status>
</kw>
<kw name="Click Okay Button" library="resource">
<kw name="Click Button" library="SeleniumLibrary">
<doc>Clicks button identified by ``locator``.</doc>
<arguments>
<arg>${BUTTON}</arg>
</arguments>
<msg timestamp="20181211 18:11:06.392" level="INFO">Clicking button '//*[@id="chooseLangForm"]/div[2]/button'.</msg>
<status status="PASS" starttime="20181211 18:11:06.392" endtime="20181211 18:11:06.552"></status>
</kw>
<status status="PASS" starttime="20181211 18:11:06.391" endtime="20181211 18:11:06.552"></status>
</kw>
<kw name="Input Country of Origin" library="resource">
<kw name="Input Text" library="SeleniumLibrary">
<doc>Types the given ``text`` into text field identified by ``locator``.</doc>
<arguments>
<arg>${Country of Origin}</arg>
<arg>${Country of Origin Value}</arg>
</arguments>
<msg timestamp="20181211 18:11:06.555" level="INFO">Typing text 'India' into text field 'name:Nationality'.</msg>
<status status="PASS" starttime="20181211 18:11:06.554" endtime="20181211 18:11:06.831"></status>
</kw>
<status status="PASS" starttime="20181211 18:11:06.553" endtime="20181211 18:11:06.831"></status>
</kw>
<kw name="Click Complete Survey Button" library="resource">
<kw name="Click Button" library="SeleniumLibrary">
<doc>Clicks button identified by ``locator``.</doc>
<arguments>
<arg>${Complete Survey}</arg>
</arguments>
<msg timestamp="20181211 18:11:06.832" level="INFO">Clicking button '//*[@id="surveyForm"]/div[70]/button'.</msg>
<status status="PASS" starttime="20181211 18:11:06.832" endtime="20181211 18:11:09.510"></status>
</kw>
<status status="PASS" starttime="20181211 18:11:06.831" endtime="20181211 18:11:09.511"></status>
</kw>
<status status="PASS" starttime="20181211 18:10:59.775" endtime="20181211 18:11:09.513" critical="yes"></status>
</test>
<doc>Survey Application Testing using Robot Framework</doc>
<status status="PASS" starttime="20181211 18:10:59.443" endtime="20181211 18:11:09.515"></status>
</suite>
<statistics>
<total>
<stat pass="1" fail="0">Critical Tests</stat>
<stat pass="1" fail="0">All Tests</stat>
</total>
<tag>
</tag>
<suite>
<stat pass="1" fail="0" id="s1" name="Browsertest">Browsertest</stat>
</suite>
</statistics>
<errors>
</errors>
</robot>
